2024-01-01 09:01:01 [SUCCESS] ATM10001 TRANSFER 500000 REF001
2024-01-01 09:01:15 [SUCCESS] ATM10002 WITHDRAW 200000 REF002
2024-01-01 09:02:05 [ERROR] ATM10003 BALANCE INSUFFICIENT_FUNDS REF003
2024-01-01 09:02:30 [SUCCESS] ATM10004 BALANCE 0 REF004
2024-01-01 09:03:01 [SUCCESS] ATM10005 TRANSFER 1000000 REF005
2024-01-01 09:03:45 [SUCCESS] ATM10006 WITHDRAW 100000 REF006
2024-01-01 09:04:10 [SUCCESS] ATM10007 TRANSFER 50000 REF007
2024-01-01 09:04:55 [SUCCESS] ATM10008 BALANCE 0 REF008
2024-01-01 09:05:30 [SUCCESS] ATM10009 WITHDRAW 300000 REF009
2024-01-01 09:06:05 [SUCCESS] ATM10010 TRANSFER 250000 REF010

---

2024-01-02 11:15:20 [SUCCESS] ATM10011 WITHDRAW 150000 REF011
2024-01-02 11:16:05 [SUCCESS] ATM10012 BALANCE 0 REF012
2024-01-02 11:16:40 [SUCCESS] ATM10013 TRANSFER 750000 REF013
2024-01-02 11:17:15 [SUCCESS] ATM10014 WITHDRAW 50000 REF014
2024-01-02 11:17:50 [SUCCESS] ATM10015 BALANCE 0 REF015
2024-01-02 11:18:25 [ERROR] CONNECTION_LOST REF016
2024-01-02 11:19:00 [SUCCESS] ATM10016 TRANSFER 300000 REF017
2024-01-02 11:19:35 [SUCCESS] ATM10017 WITHDRAW 400000 REF018
2024-01-02 11:20:10 [SUCCESS] ATM10018 BALANCE 0 REF019
2024-01-02 11:20:45 [SUCCESS] ATM10019 TRANSFER 100000 REF020

---

2024-01-03 14:30:10 [SUCCESS] ATM10020 BALANCE 0 REF021
2024-01-03 14:30:45 [SUCCESS] ATM10021 WITHDRAW 250000 REF022
2024-01-03 14:31:20 [SUCCESS] ATM10022 TRANSFER 800000 REF023
2024-01-03 14:31:55 [SUCCESS] ATM10023 BALANCE 0 REF024
2024-01-03 14:32:30 [SUCCESS] ATM10024 WITHDRAW 100000 REF025
2024-01-03 14:33:05 [ERROR] ATM10025 TRANSFER TIMEOUT REF026
2024-01-03 14:33:40 [SUCCESS] ATM10026 BALANCE 0 REF027
2024-01-03 14:34:15 [SUCCESS] ATM10027 WITHDRAW 500000 REF028
2024-01-03 14:34:50 [SUCCESS] ATM10028 TRANSFER 600000 REF029
2024-01-03 14:35:25 [SUCCESS] ATM10029 BALANCE 0 REF030

---

2024-01-04 17:05:05 [SUCCESS] ATM10030 WITHDRAW 200000 REF031
2024-01-04 17:05:40 [SUCCESS] ATM10031 TRANSFER 450000 REF032
2024-01-04 17:06:15 [SUCCESS] ATM10032 BALANCE 0 REF033
2024-01-04 17:06:50 [ERROR] ATM10033 WITHDRAW CARD_BLOCKED REF034
2024-01-04 17:07:25 [SUCCESS] ATM10034 TRANSFER 100000 REF035
2024-01-04 17:08:00 [SUCCESS] ATM10035 WITHDRAW 50000 REF036
2024-01-04 17:08:35 [SUCCESS] ATM10036 BALANCE 0 REF037
2024-01-04 17:09:10 [SUCCESS] ATM10037 TRANSFER 2000000 REF038
2024-01-04 17:09:45 [SUCCESS] ATM10038 WITHDRAW 700000 REF039
2024-01-04 17:10:20 [SUCCESS] ATM10039 BALANCE 0 REF040

---

2024-01-05 20:10:10 [SUCCESS] ATM10040 TRANSFER 150000 REF041
2024-01-05 20:10:45 [SUCCESS] ATM10041 WITHDRAW 100000 REF042
2024-01-05 20:11:20 [SUCCESS] ATM10042 BALANCE 0 REF043
2024-01-05 20:11:55 [SUCCESS] ATM10043 TRANSFER 900000 REF044
2024-01-05 20:12:30 [ERROR] CONNECTION_LOST REF045
2024-01-05 20:13:05 [SUCCESS] ATM10044 WITHDRAW 350000 REF046
2024-01-05 20:13:40 [SUCCESS] ATM10045 BALANCE 0 REF047
2024-01-05 20:14:15 [SUCCESS] ATM10046 TRANSFER 200000 REF048
2024-01-05 20:14:50 [SUCCESS] ATM10047 WITHDRAW 50000 REF049
2024-01-05 20:15:25 [SUCCESS] ATM10048 BALANCE 0 REF050

---

2024-01-06 22:45:00 [SUCCESS] ATM10049 WITHDRAW 600000 REF051
2024-01-06 22:45:35 [SUCCESS] ATM10050 TRANSFER 300000 REF052
2024-01-06 22:46:10 [ERROR] ATM10051 TRANSFER INVALID_ACCOUNT REF053
2024-01-06 22:46:45 [SUCCESS] ATM10052 BALANCE 0 REF054
2024-01-06 22:47:20 [SUCCESS] ATM10053 WITHDRAW 100000 REF055
2024-01-06 22:47:55 [SUCCESS] ATM10054 TRANSFER 500000 REF056
2024-01-06 22:48:30 [SUCCESS] ATM10055 BALANCE 0 REF057
2024-01-06 22:49:05 [SUCCESS] ATM10056 WITHDRAW 250000 REF058
2024-01-06 22:49:40 [SUCCESS] ATM10057 TRANSFER 700000 REF059
2024-01-06 22:50:15 [SUCCESS] ATM10058 BALANCE 0 REF060

---

2024-01-07 08:00:00 [SUCCESS] ATM10059 TRANSFER 100000 REF061
2024-01-07 08:00:35 [SUCCESS] ATM10060 WITHDRAW 50000 REF062
2024-01-07 08:01:10 [ERROR] CONNECTION_LOST REF063
2024-01-07 08:01:45 [SUCCESS] ATM10061 BALANCE 0 REF064
2024-01-07 08:02:20 [SUCCESS] ATM10062 TRANSFER 1500000 REF065
2024-01-07 08:02:55 [ERROR] ATM10063 WITHDRAW LIMIT_EXCEEDED REF066
2024-01-07 08:03:30 [SUCCESS] ATM10064 BALANCE 0 REF067
2024-01-07 08:04:05 [SUCCESS] ATM10065 WITHDRAW 400000 REF068
2024-01-07 08:04:40 [SUCCESS] ATM10066 TRANSFER 850000 REF069
2024-01-07 08:05:15 [SUCCESS] ATM10067 BALANCE 0 REF070